<?xml version="1.0" encoding="UTF-8"?>
<!-- Generated by org.testng.reporters.JUnitReportReporter -->
<testsuite hostname="siva-7333" name="com.mobilefirst.youtube_api_integration.PopularVideos" tests="1" failures="0" timestamp="12 Feb 2020 10:16:58 GMT" time="238.339" errors="0">
  <testcase name="popularVideos" time="238.339" classname="com.mobilefirst.youtube_api_integration.PopularVideos"/>
</testsuite> <!-- com.mobilefirst.youtube_api_integration.PopularVideos -->
