<?xml version="1.0" encoding="UTF-8"?>
<!-- Generated by org.testng.reporters.JUnitReportReporter -->
<testsuite hostname="siva-7333" name="com.mobilefirst.youtube_api_integration.RecentVideos" tests="1" failures="0" timestamp="12 Feb 2020 09:32:47 GMT" time="43.452" errors="0">
  <testcase name="recentVideos" time="43.452" classname="com.mobilefirst.youtube_api_integration.RecentVideos"/>
</testsuite> <!-- com.mobilefirst.youtube_api_integration.RecentVideos -->
